<?xml version="1.0" encoding="UTF-8"?>
<!-- Generated by org.testng.reporters.JUnitReportReporter -->
<testsuite hostname="DESKTOP-13QQG5A" failures="0" tests="7" name="tests.CRMHomePageTest" time="213.052" errors="0" timestamp="2023-05-11T19:31:32 IST" skipped="0">
  <testcase classname="tests.CRMHomePageTest" name="validateLogoutTest" time="29.819"/>
  <system-out/>
  <testcase classname="tests.CRMHomePageTest" name="validateRedirectionofcreateDealTest" time="31.197"/>
  <system-out/>
  <testcase classname="tests.CRMHomePageTest" name="validateuserTest" time="34.084"/>
  <system-out/>
  <testcase classname="tests.CRMHomePageTest" name="validateRedirectionCreateContactTest" time="31.900"/>
  <system-out/>
  <testcase classname="tests.CRMHomePageTest" name="validteRedirectionofCreateTaskTest" time="30.293"/>
  <system-out/>
  <testcase classname="tests.CRMHomePageTest" name="validateHomePageLogoTest" time="25.617"/>
  <system-out/>
  <testcase classname="tests.CRMHomePageTest" name="validateRedirectionOfCreateCompanyTest" time="30.142"/>
  <system-out/>
</testsuite> <!-- tests.CRMHomePageTest -->
