<?xml version="1.0" encoding="UTF-8"?>
<!-- Generated by org.testng.reporters.JUnitReportReporter -->
<testsuite hostname="DESKTOP-13QQG5A" failures="0" tests="1" name="tests.LoginPageTest" time="11.423" errors="0" timestamp="2023-05-03T16:48:19 IST" skipped="0">
  <testcase classname="tests.LoginPageTest" name="validateLoginTest" time="11.423"/>
  <system-out/>
</testsuite> <!-- tests.LoginPageTest -->
