<?xml version="1.0" encoding="UTF-8"?>
<!-- Generated by org.testng.reporters.JUnitReportReporter -->
<testsuite hostname="DESKTOP-13QQG5A" failures="0" tests="6" name="tests.NewContactPageTest" time="216.284" errors="0" timestamp="2023-05-09T18:34:52 IST" skipped="0">
  <testcase classname="tests.NewContactPageTest" name="validatecreateContactTest" time="37.068"/>
  <system-out/>
  <testcase classname="tests.NewContactPageTest" name="validatecreateContactTest" time="34.604"/>
  <system-out/>
  <testcase classname="tests.NewContactPageTest" name="validatecreateContactTest" time="37.264"/>
  <system-out/>
  <testcase classname="tests.NewContactPageTest" name="validatecreateContactTest" time="36.241"/>
  <system-out/>
  <testcase classname="tests.NewContactPageTest" name="validatecreateContactTest" time="34.834"/>
  <system-out/>
  <testcase classname="tests.NewContactPageTest" name="validatecreateContactTest" time="36.273"/>
  <system-out/>
</testsuite> <!-- tests.NewContactPageTest -->
