<?xml version="1.0" encoding="UTF-8"?>
<!-- Generated by org.testng.reporters.JUnitReportReporter -->
<testsuite hostname="DESKTOP-13QQG5A" failures="0" tests="3" name="tests.CRMLoginPageTest" time="56.277" errors="0" timestamp="2023-05-04T21:47:28 IST" skipped="0">
  <testcase classname="tests.CRMLoginPageTest" name="validateLogoTest" time="12.971"/>
  <system-out/>
  <testcase classname="tests.CRMLoginPageTest" name="validateLoginTest" time="28.369"/>
  <system-out/>
  <testcase classname="tests.CRMLoginPageTest" name="validateLinksTest" time="14.937"/>
  <system-out/>
</testsuite> <!-- tests.CRMLoginPageTest -->
