<?xml version="1.0" encoding="UTF-8"?>
<!-- Generated by org.testng.reporters.JUnitReportReporter -->
<testsuite hostname="DESKTOP-13QQG5A" failures="0" tests="1" name="GoogleTest" time="66.578" errors="0" timestamp="2023-05-01T18:09:39 IST" skipped="0">
  <testcase classname="GoogleTest" name="GooglesearchTest" time="66.578"/>
  <system-out/>
</testsuite> <!-- GoogleTest -->
